<?xml version="1.0" encoding="UTF-8"?>
<testng-results skipped="0" failed="0" ignored="0" total="4" passed="4">
  <reporter-output>
  </reporter-output>
  <suite name="Default suite" duration-ms="40" started-at="2018-11-07T01:06:08Z" finished-at="2018-11-07T01:06:08Z">
    <groups>
      <group name="service">
        <method signature="GroupTest.service1()[pri:0, instance:com.yc.groups.GroupTest@46d56d67]" name="service1" class="com.yc.groups.GroupTest"/>
        <method signature="GroupTest.service2()[pri:0, instance:com.yc.groups.GroupTest@46d56d67]" name="service2" class="com.yc.groups.GroupTest"/>
      </group> <!-- service -->
      <group name="client">
        <method signature="GroupTest.client1()[pri:0, instance:com.yc.groups.GroupTest@46d56d67]" name="client1" class="com.yc.groups.GroupTest"/>
        <method signature="GroupTest.client2()[pri:0, instance:com.yc.groups.GroupTest@46d56d67]" name="client2" class="com.yc.groups.GroupTest"/>
      </group> <!-- client -->
    </groups>
    <test name="Default test" duration-ms="40" started-at="2018-11-07T01:06:08Z" finished-at="2018-11-07T01:06:08Z">
      <class name="com.yc.groups.GroupTest">
        <test-method status="PASS" signature="client1()[pri:0, instance:com.yc.groups.GroupTest@46d56d67]" name="client1" duration-ms="12" started-at="2018-11-07T09:06:08Z" finished-at="2018-11-07T09:06:08Z">
          <reporter-output>
          </reporter-output>
        </test-method> <!-- client1 -->
        <test-method status="PASS" signature="client2()[pri:0, instance:com.yc.groups.GroupTest@46d56d67]" name="client2" duration-ms="2" started-at="2018-11-07T09:06:08Z" finished-at="2018-11-07T09:06:08Z">
          <reporter-output>
          </reporter-output>
        </test-method> <!-- client2 -->
        <test-method status="PASS" signature="BeforeGroupOnService()[pri:0, instance:com.yc.groups.GroupTest@46d56d67]" name="BeforeGroupOnService" is-config="true" duration-ms="1" started-at="2018-11-07T09:06:08Z" finished-at="2018-11-07T09:06:08Z">
          <reporter-output>
          </reporter-output>
        </test-method> <!-- BeforeGroupOnService -->
        <test-method status="PASS" signature="service1()[pri:0, instance:com.yc.groups.GroupTest@46d56d67]" name="service1" duration-ms="1" started-at="2018-11-07T09:06:08Z" finished-at="2018-11-07T09:06:08Z">
          <reporter-output>
          </reporter-output>
        </test-method> <!-- service1 -->
        <test-method status="PASS" signature="service2()[pri:0, instance:com.yc.groups.GroupTest@46d56d67]" name="service2" duration-ms="1" started-at="2018-11-07T09:06:08Z" finished-at="2018-11-07T09:06:08Z">
          <reporter-output>
          </reporter-output>
        </test-method> <!-- service2 -->
        <test-method status="PASS" signature="AfterGroupOnService()[pri:0, instance:com.yc.groups.GroupTest@46d56d67]" name="AfterGroupOnService" is-config="true" duration-ms="0" started-at="2018-11-07T09:06:08Z" finished-at="2018-11-07T09:06:08Z">
          <reporter-output>
          </reporter-output>
        </test-method> <!-- AfterGroupOnService -->
      </class> <!-- com.yc.groups.GroupTest -->
    </test> <!-- Default test -->
  </suite> <!-- Default suite -->
</testng-results>
