<?xml version="1.0" encoding="UTF-8"?>
<!-- Generated by org.testng.reporters.JUnitXMLReporter -->
<testsuite hostname="6K34I5TND988MCK" ignored="0" name="Default test" tests="4" failures="0" timestamp="07 十一月 2018 01:06:08 GMT" time="0.04" errors="0">
  <testcase name="client1" time="0.012" classname="com.yc.groups.GroupTest"/>
  <testcase name="client2" time="0.002" classname="com.yc.groups.GroupTest"/>
  <testcase name="service1" time="0.001" classname="com.yc.groups.GroupTest"/>
  <testcase name="service2" time="0.001" classname="com.yc.groups.GroupTest"/>
</testsuite> <!-- Default test -->
